<?xml version="1.0" encoding="UTF-8"?>
<!-- Generated by org.testng.reporters.JUnitXMLReporter -->
<testsuite hostname="Michaels-MacBook-Pro.local" ignored="0" name="Command line test" tests="1" failures="0" timestamp="26 Dec 2017 20:16:17 GMT" time="5.029" errors="0">
  <testcase name="@BeforeTest beforeTest" time="5.002" classname="example.NewTest">
    <failure type="org.openqa.selenium.WebDriverException" message="disconnected: unable to connect to renderer
  (Session info: chrome=63.0.3239.84)
  (Driver info: chromedriver=2.32.498537 (cb2f855cbc7b82e20387eaf9a43f6b99b6105061),platform=Mac OS X 10.13.1 x86_64) (WARNING: The server did not provide any stacktrace information)
Command duration or timeout: 0 milliseconds
Build info: version: &amp;apos;3.8.1&amp;apos;, revision: &amp;apos;6e95a6684b&amp;apos;, time: &amp;apos;2017-12-01T18:33:54.468Z&amp;apos;
System info: host: &amp;apos;Michaels-MacBook-Pro.local&amp;apos;, ip: &amp;apos;fe80:0:0:0:c1f:af3a:baed:bb1e%en0&amp;apos;, os.name: &amp;apos;Mac OS X&amp;apos;, os.arch: &amp;apos;x86_64&amp;apos;, os.version: &amp;apos;10.13.1&amp;apos;, java.version: &amp;apos;1.8.0_60&amp;apos;
Driver info: org.openqa.selenium.chrome.ChromeDriver
Capabilities {acceptSslCerts: true, applicationCacheEnabled: false, browserConnectionEnabled: false, browserName: chrome, chrome: {chromedriverVersion: 2.32.498537 (cb2f855cbc7b82..., userDataDir: /var/folders/6_/5pcrc6hd5yj...}, cssSelectorsEnabled: true, databaseEnabled: false, handlesAlerts: true, hasTouchScreen: false, javascriptEnabled: true, locationContextEnabled: true, mobileEmulationEnabled: false, nativeEvents: true, networkConnectionEnabled: false, pageLoadStrategy: normal, platform: MAC, platformName: MAC, rotatable: false, setWindowRect: true, takesHeapSnapshot: true, takesScreenshot: true, unexpectedAlertBehaviour: , unhandledPromptBehavior: , version: 63.0.3239.84, webStorageEnabled: true}
Session ID: 34cb1b0802a980048e841210d53bb2d6">
      <![CDATA[org.openqa.selenium.WebDriverException: disconnected: unable to connect to renderer  (Session info: chrome=63.0.3239.84)  (Driver info: chromedriver=2.32.498537 (cb2f855cbc7b82e20387eaf9a43f6b99b6105061),platform=Mac OS X 10.13.1 x86_64) (WARNING: The server did not provide any stacktrace information)Command duration or timeout: 0 millisecondsBuild info: version: '3.8.1', revision: '6e95a6684b', time: '2017-12-01T18:33:54.468Z'System info: host: 'Michaels-MacBook-Pro.local', ip: 'fe80:0:0:0:c1f:af3a:baed:bb1e%en0', os.name: 'Mac OS X', os.arch: 'x86_64', os.version: '10.13.1', java.version: '1.8.0_60'Driver info: org.openqa.selenium.chrome.ChromeDriverCapabilities {acceptSslCerts: true, applicationCacheEnabled: false, browserConnectionEnabled: false, browserName: chrome, chrome: {chromedriverVersion: 2.32.498537 (cb2f855cbc7b82..., userDataDir: /var/folders/6_/5pcrc6hd5yj...}, cssSelectorsEnabled: true, databaseEnabled: false, handlesAlerts: true, hasTouchScreen: false, javascriptEnabled: true, locationContextEnabled: true, mobileEmulationEnabled: false, nativeEvents: true, networkConnectionEnabled: false, pageLoadStrategy: normal, platform: MAC, platformName: MAC, rotatable: false, setWindowRect: true, takesHeapSnapshot: true, takesScreenshot: true, unexpectedAlertBehaviour: , unhandledPromptBehavior: , version: 63.0.3239.84, webStorageEnabled: true}Session ID: 34cb1b0802a980048e841210d53bb2d6at org.openqa.selenium.remote.ErrorHandler.createThrowable(ErrorHandler.java:214)at org.openqa.selenium.remote.ErrorHandler.throwIfResponseFailed(ErrorHandler.java:166)at org.openqa.selenium.remote.http.JsonHttpResponseCodec.reconstructValue(JsonHttpResponseCodec.java:40)at org.openqa.selenium.remote.http.AbstractHttpResponseCodec.decode(AbstractHttpResponseCodec.java:80)at org.openqa.selenium.remote.http.AbstractHttpResponseCodec.decode(AbstractHttpResponseCodec.java:44)at org.openqa.selenium.remote.HttpCommandExecutor.execute(HttpCommandExecutor.java:164)at org.openqa.selenium.remote.service.DriverCommandExecutor.execute(DriverCommandExecutor.java:83)at org.openqa.selenium.remote.RemoteWebDriver.execute(RemoteWebDriver.java:601)at org.openqa.selenium.remote.RemoteWebDriver.execute(RemoteWebDriver.java:658)at org.openqa.selenium.remote.RemoteWebDriver$RemoteWebDriverOptions$RemoteWindow.fullscreen(RemoteWebDriver.java:896)at example.NewTest.beforeTest(NewTest.java:22)... Removed 37 stack frames]]>
    </failure>
  </testcase> <!-- @BeforeTest beforeTest -->
  <testcase name="@AfterTest afterTest" time="0.0" classname="example.NewTest">
    <skipped/>
  </testcase> <!-- @AfterTest afterTest -->
  <testcase name="simpleTest" time="0.0" classname="example.NewTest">
    <skipped/>
  </testcase> <!-- simpleTest -->
</testsuite> <!-- Command line test -->
